============================= test session starts =============================
platform win32 -- Python 3.13.7, pytest-9.0.2, pluggy-1.6.0 -- D:\Prospects\env\Scripts\python.exe
cachedir: .pytest_cache
rootdir: D:\Prospects\ScreenMemory
plugins: anyio-4.12.1
collecting ... collected 79 items

tests/test_sprint2_unit.py::TestArchVerify::test_import PASSED           [  1%]
tests/test_sprint2_unit.py::TestArchVerify::test_expected_workers PASSED [  2%]
tests/test_sprint2_unit.py::TestArchVerify::test_expected_consultants PASSED [  3%]
tests/test_sprint2_unit.py::TestArchVerify::test_expected_orchestrator PASSED [  5%]
tests/test_sprint2_unit.py::TestArchVerify::test_expected_daemons_count PASSED [  6%]
tests/test_sprint2_unit.py::TestArchVerify::test_verify_architecture_return_type PASSED [  7%]
tests/test_sprint2_unit.py::TestArchVerify::test_check_entities_return_type PASSED [  8%]
tests/test_sprint2_unit.py::TestArchVerify::test_check_delivery_mechanism_return_type PASSED [ 10%]
tests/test_sprint2_unit.py::TestArchVerify::test_check_bus_architecture_return_type PASSED [ 11%]
tests/test_sprint2_unit.py::TestArchVerify::test_check_daemon_ecosystem_return_type PASSED [ 12%]
tests/test_sprint2_unit.py::TestArchVerify::test_verify_architecture_domains PASSED [ 13%]
tests/test_sprint2_unit.py::TestArchVerify::test_cli_brief PASSED        [ 15%]
tests/test_sprint2_unit.py::TestBusValidator::test_import PASSED         [ 16%]
tests/test_sprint2_unit.py::TestBusValidator::test_topic_taxonomy_count PASSED [ 17%]
tests/test_sprint2_unit.py::TestBusValidator::test_known_senders_count PASSED [ 18%]
tests/test_sprint2_unit.py::TestBusValidator::test_valid_message PASSED  [ 20%]
tests/test_sprint2_unit.py::TestBusValidator::test_empty_message PASSED  [ 21%]
tests/test_sprint2_unit.py::TestBusValidator::test_missing_sender PASSED [ 22%]
tests/test_sprint2_unit.py::TestBusValidator::test_missing_topic_defaults PASSED [ 24%]
tests/test_sprint2_unit.py::TestBusValidator::test_missing_type_defaults PASSED [ 25%]
tests/test_sprint2_unit.py::TestBusValidator::test_missing_content PASSED [ 26%]
tests/test_sprint2_unit.py::TestBusValidator::test_unknown_topic_nonstrict PASSED [ 27%]
tests/test_sprint2_unit.py::TestBusValidator::test_unknown_topic_strict PASSED [ 29%]
tests/test_sprint2_unit.py::TestBusValidator::test_oversized_content PASSED [ 30%]
tests/test_sprint2_unit.py::TestBusValidator::test_validate_or_raise PASSED [ 31%]
tests/test_sprint2_unit.py::TestBusValidator::test_validate_or_raise_invalid PASSED [ 32%]
tests/test_sprint2_unit.py::TestBusValidator::test_list_topics PASSED    [ 34%]
tests/test_sprint2_unit.py::TestBusValidator::test_get_topic_info PASSED [ 35%]
tests/test_sprint2_unit.py::TestBusValidator::test_get_topic_info_invalid PASSED [ 36%]
tests/test_sprint2_unit.py::TestBusValidator::test_list_types PASSED     [ 37%]
tests/test_sprint2_unit.py::TestBusValidator::test_self_test PASSED      [ 39%]
tests/test_sprint2_unit.py::TestBusValidator::test_metadata_validation PASSED [ 40%]
tests/test_sprint2_unit.py::TestBusValidator::test_valid_priority PASSED [ 41%]
tests/test_sprint2_unit.py::TestDaemonStatus::test_import PASSED         [ 43%]
tests/test_sprint2_unit.py::TestDaemonStatus::test_daemon_registry_count PASSED [ 44%]
tests/test_sprint2_unit.py::TestDaemonStatus::test_daemon_registry_structure PASSED [ 45%]
tests/test_sprint2_unit.py::TestDaemonStatus::test_criticality_levels PASSED [ 46%]
tests/test_sprint2_unit.py::TestDaemonStatus::test_check_daemon_return_type PASSED [ 48%]
tests/test_sprint2_unit.py::TestDaemonStatus::test_check_all_daemons_return_type PASSED [ 49%]
tests/test_sprint2_unit.py::TestDaemonStatus::test_check_daemon_dead_pid PASSED [ 50%]
tests/test_sprint2_unit.py::TestDaemonStatus::test_json_cli_output PASSED [ 51%]
tests/test_sprint2_unit.py::TestSpamGuard::test_import PASSED            [ 53%]
tests/test_sprint2_unit.py::TestSpamGuard::test_spam_guard_fingerprint PASSED [ 54%]
tests/test_sprint2_unit.py::TestSpamGuard::test_fingerprint_deterministic PASSED [ 55%]
tests/test_sprint2_unit.py::TestSpamGuard::test_fingerprint_different_messages PASSED [ 56%]
tests/test_sprint2_unit.py::TestSpamGuard::test_spam_guard_blocks_duplicates PASSED [ 58%]
tests/test_sprint2_unit.py::TestSpamGuard::test_bus_health_return_type PASSED [ 59%]
tests/test_sprint2_unit.py::TestSpamGuard::test_bus_health_keys PASSED   [ 60%]
tests/test_sprint2_unit.py::TestSpamGuard::test_priority_critical_bypass PASSED [ 62%]
tests/test_sprint2_unit.py::TestSpamGuard::test_priority_low_stricter PASSED [ 63%]
tests/test_sprint2_unit.py::TestSpamGuard::test_check_would_be_blocked PASSED [ 64%]
tests/test_sprint2_unit.py::TestSpamGuard::test_spam_guard_stats PASSED  [ 65%]
tests/test_sprint2_unit.py::TestSpamGuard::test_rate_limit_returns_none_for_fresh_sender PASSED [ 67%]
tests/test_sprint2_unit.py::TestSpamGuard::test_is_duplicate_fresh PASSED [ 68%]
tests/test_sprint2_unit.py::TestSkynetSelf::test_import PASSED           [ 69%]
tests/test_sprint2_unit.py::TestSkynetSelf::test_worker_names PASSED     [ 70%]
tests/test_sprint2_unit.py::TestSkynetSelf::test_consultant_names PASSED [ 72%]
tests/test_sprint2_unit.py::TestSkynetSelf::test_all_agent_names PASSED  [ 73%]
tests/test_sprint2_unit.py::TestSkynetSelf::test_validate_agent_completeness_return_type PASSED [ 74%]
tests/test_sprint2_unit.py::TestSkynetSelf::test_quick_pulse_return_type PASSED [ 75%]
tests/test_sprint2_unit.py::TestSkynetSelf::test_quick_pulse_awareness_flags PASSED [ 77%]
tests/test_sprint2_unit.py::TestSkynetSelf::test_quick_pulse_agent_counts PASSED [ 78%]
tests/test_sprint2_unit.py::TestSkynetSelf::test_detect_incident_patterns PASSED [ 79%]
tests/test_sprint2_unit.py::TestSkynetSelf::test_compute_iq PASSED       [ 81%]
tests/test_sprint2_unit.py::TestSkynetSelf::test_compute_iq_trend PASSED [ 82%]
tests/test_sprint2_unit.py::TestSkynetSelf::test_get_consultant_status PASSED [ 83%]
tests/test_sprint2_unit.py::TestSkynetSelf::test_skynet_self_full_status PASSED [ 84%]
tests/test_sprint2_unit.py::TestDaemonUtils::test_import PASSED          [ 86%]
tests/test_sprint2_unit.py::TestDaemonUtils::test_write_pid_creates_file PASSED [ 87%]
tests/test_sprint2_unit.py::TestDaemonUtils::test_check_pid_alive PASSED [ 88%]
